{
  "record_type": "scop3p_log",
  "created_at_utc": "2026-03-02T00:00:00+00:00",
  "software": {
    "name": "scop3p-api-client",
    "version": "1.0.0"
  },
  "inputs": {
    "accession": "O00571",
    "modifications_set": null
  },
  "outputs": {
    "primary_output": {
      "path": null,
      "format": "json"
    },
    "provenance_log": {
      "path": "output.log",
      "format": "json"
    }
  },
  "fair": {
    "findable": {
      "dataset_identifier": "O00571",
      "record_timestamp": "2026-03-02T00:00:00+00:00"
    },
    "accessible": {
      "api_endpoints": [
        "https://iomics.ugent.be/scop3p/api/modifications",
        "https://iomics.ugent.be/scop3p/api/get-structures-modifications",
        "https://iomics.ugent.be/scop3p/api/get-peptides-modifications"
      ]
    },
    "interoperable": {
      "metadata_format": "application/json"
    },
    "reusable": {
      "license": "MIT",
      "citation": "CITATION.cff"
    }
  },
  "provenance": {
    "host": "test-host",
    "python_version": "3.12",
    "platform": "test-platform",
    "caching": {
      "modifications": {
        "source": "api"
      }
    }
  },
  "log_messages": [
    {
      "level": "INFO",
      "message": "Starting query for accession 'O00571'."
    },
    {
      "level": "INFO",
      "message": "Using cache TTL=300 seconds."
    },
    {
      "level": "INFO",
      "message": "API fetch completed."
    },
    {
      "level": "INFO",
      "message": "Default JSON output written to stdout."
    }
  ]
}